<?xml version="1.0" encoding="UTF-8"?>
<!-- Generated by org.testng.reporters.JUnitReportReporter -->
<testsuite hostname="DESKTOP-UEIVDB1" failures="0" tests="3" name="testNGPrograms.Grouping" time="0.013" errors="0" timestamp="2020-10-31T12:04:05 NZDT" skipped="1">
  <testcase classname="testNGPrograms.Grouping" name="search" time="0.012"/>
  <system-out/>
  <testcase classname="testNGPrograms.Grouping" name="courseSelect" time="0.001"/>
  <system-out/>
  <testcase classname="testNGPrograms.Grouping" name="contentUpdate">
    <skipped/>
  </testcase> <!-- contentUpdate -->
  <system-out/>
</testsuite> <!-- testNGPrograms.Grouping -->
