<?xml version="1.0" encoding="UTF-8"?>
<!-- Generated by org.testng.reporters.JUnitReportReporter -->
<testsuite hostname="DESKTOP-UEIVDB1" failures="0" tests="3" name="testNGPrograms.DataproviderInsideClass" time="74.596" errors="0" timestamp="2020-10-31T12:47:07 NZDT" skipped="0">
  <testcase classname="testNGPrograms.DataproviderInsideClass" name="verifyLoginAndLogout" time="22.898"/>
  <system-out/>
  <testcase classname="testNGPrograms.DataproviderInsideClass" name="verifyLoginAndLogout" time="26.298"/>
  <system-out/>
  <testcase classname="testNGPrograms.DataproviderInsideClass" name="verifyLoginAndLogout" time="25.400"/>
  <system-out/>
</testsuite> <!-- testNGPrograms.DataproviderInsideClass -->
