<?xml version="1.0" encoding="UTF-8"?>
<!-- Generated by org.testng.reporters.JUnitReportReporter -->
<testsuite hostname="DESKTOP-UEIVDB1" failures="0" tests="4" name="testNGPrograms.TestAttributes" time="22.403" errors="0" timestamp="2020-10-31T11:52:35 NZDT" skipped="2">
  <testcase classname="testNGPrograms.TestAttributes" name="setUp" time="14.246"/>
  <system-out/>
  <testcase classname="testNGPrograms.TestAttributes" name="verifyLogin" time="8.157"/>
  <system-out/>
  <testcase classname="testNGPrograms.TestAttributes" name="verifyLogout">
    <skipped/>
  </testcase> <!-- verifyLogout -->
  <system-out/>
  <testcase classname="testNGPrograms.TestAttributes" name="tearDown">
    <skipped/>
  </testcase> <!-- tearDown -->
  <system-out/>
</testsuite> <!-- testNGPrograms.TestAttributes -->
