<?xml version="1.0" encoding="UTF-8"?>
<!-- Generated by org.testng.reporters.JUnitReportReporter -->
<testsuite hostname="DESKTOP-UEIVDB1" failures="0" tests="1" name="testNGPrograms.FirstTestNGProgram" time="19.909" errors="0" timestamp="2020-10-25T11:00:18 NZDT" skipped="0">
  <testcase classname="testNGPrograms.FirstTestNGProgram" name="loginLogoutAndVerify" time="19.909"/>
  <system-out/>
</testsuite> <!-- testNGPrograms.FirstTestNGProgram -->
