<?xml version="1.0" encoding="UTF-8"?>
<!-- Generated by org.testng.reporters.JUnitReportReporter -->
<testsuite hostname="DESKTOP-UEIVDB1" failures="0" tests="3" name="testNGPrograms.ParameterSuitelevel" time="0.011" errors="0" timestamp="2020-10-31T12:27:21 NZDT" skipped="0">
  <testcase classname="testNGPrograms.ParameterSuitelevel" name="prameterTestOne" time="0.008"/>
  <system-out/>
  <testcase classname="testNGPrograms.ParameterSuitelevel" name="prameterTestTwo" time="0.001"/>
  <system-out/>
  <testcase classname="testNGPrograms.ParameterSuitelevel" name="prameterTestThree" time="0.002"/>
  <system-out/>
</testsuite> <!-- testNGPrograms.ParameterSuitelevel -->
