<?xml version="1.0" encoding="UTF-8"?>
<!-- Generated by org.testng.reporters.JUnitReportReporter -->
<testsuite hostname="DESKTOP-UEIVDB1" failures="0" tests="4" name="testNGPrograms.ParameterTestlevel" time="20.392" errors="0" timestamp="2020-10-31T12:16:42 NZDT" skipped="2">
  <testcase classname="testNGPrograms.ParameterTestlevel" name="setUp" time="14.010"/>
  <system-out/>
  <testcase classname="testNGPrograms.ParameterTestlevel" name="verifyLogin" time="6.382"/>
  <system-out/>
  <testcase classname="testNGPrograms.ParameterTestlevel" name="tearDown">
    <skipped/>
  </testcase> <!-- tearDown -->
  <system-out/>
  <testcase classname="testNGPrograms.ParameterTestlevel" name="verifyLogout">
    <skipped/>
  </testcase> <!-- verifyLogout -->
  <system-out/>
</testsuite> <!-- testNGPrograms.ParameterTestlevel -->
