<?xml version="1.0" encoding="UTF-8"?>
<!-- Generated by org.testng.reporters.JUnitReportReporter -->
<testsuite hostname="DESKTOP-UEIVDB1" failures="0" tests="4" name="testNGPrograms.OptionalParameter" time="35.047" errors="0" timestamp="2020-10-31T12:33:54 NZDT" skipped="0">
  <testcase classname="testNGPrograms.OptionalParameter" name="setUp" time="14.578"/>
  <system-out/>
  <testcase classname="testNGPrograms.OptionalParameter" name="verifyLogin" time="12.253"/>
  <system-out/>
  <testcase classname="testNGPrograms.OptionalParameter" name="verifyLogout" time="7.478"/>
  <system-out/>
  <testcase classname="testNGPrograms.OptionalParameter" name="tearDown" time="0.738"/>
  <system-out/>
</testsuite> <!-- testNGPrograms.OptionalParameter -->
