<?xml version="1.0" encoding="UTF-8"?>
<!-- Generated by org.testng.reporters.JUnitReportReporter -->
<testsuite hostname="DESKTOP-UEIVDB1" failures="0" tests="1" name="testNGPrograms.TestNGAnnotations" time="0.001" errors="0" timestamp="2020-10-25T11:00:18 NZDT" skipped="0">
  <testcase classname="testNGPrograms.TestNGAnnotations" name="test1" time="0.001"/>
  <system-out/>
</testsuite> <!-- testNGPrograms.TestNGAnnotations -->
